<?xml version="1.0" encoding="UTF-8"?>
<testsuites name="jest tests" tests="26" failures="5" time="795.895">
  <testsuite name="Dealer Edit" errors="0" failures="5" skipped="0" timestamp="2019-08-01T20:13:02" time="794.563" tests="26">
    <testcase classname="Dealer Edit Name, Email, ID, Lat, and Lon" name="Dealer Edit Name, Email, ID, Lat, and Lon" time="31.15">
    </testcase>
    <testcase classname="Dealer Edit Name, Email, ID, Lat, and Lon - Cancel" name="Dealer Edit Name, Email, ID, Lat, and Lon - Cancel" time="19.669">
    </testcase>
    <testcase classname="Dealer Edit Coordinates - Add" name="Dealer Edit Coordinates - Add" time="18.121">
    </testcase>
    <testcase classname="Dealer Edit Coordinates - Update" name="Dealer Edit Coordinates - Update" time="18.216">
    </testcase>
    <testcase classname="Dealer Edit Coordinates - Delete" name="Dealer Edit Coordinates - Delete" time="16.829">
    </testcase>
    <testcase classname="Dealer Edit Coordinates - Cancel Updates" name="Dealer Edit Coordinates - Cancel Updates" time="16.438">
    </testcase>
    <testcase classname="Dealer Edit Coordinates - Cancel Adding" name="Dealer Edit Coordinates - Cancel Adding" time="18.232">
    </testcase>
    <testcase classname="Dealer Edit Coordinates - Cancel Deleting" name="Dealer Edit Coordinates - Cancel Deleting" time="16.586">
    </testcase>
    <testcase classname="Dealer Edit Location - Add" name="Dealer Edit Location - Add" time="20.921">
    </testcase>
    <testcase classname="Dealer Edit Location - Update" name="Dealer Edit Location - Update" time="20.823">
    </testcase>
    <testcase classname="Dealer Edit Location - Cancel Updating" name="Dealer Edit Location - Cancel Updating" time="16.296">
    </testcase>
    <testcase classname="Dealer Edit Location - Cancel Adding" name="Dealer Edit Location - Cancel Adding" time="21.442">
    </testcase>
    <testcase classname="Dealer Edit Location - Cancel Deleting" name="Dealer Edit Location - Cancel Deleting" time="27.019">
    </testcase>
    <testcase classname="Dealer Edit Location - Delete" name="Dealer Edit Location - Delete" time="27.037">
    </testcase>
    <testcase classname="Dealer Edit Phone Number - Add" name="Dealer Edit Phone Number - Add" time="17.875">
    </testcase>
    <testcase classname="Dealer Edit Phone Number - Update" name="Dealer Edit Phone Number - Update" time="17.944">
    </testcase>
    <testcase classname="Dealer Edit Phone Number - Cancel Updating" name="Dealer Edit Phone Number - Cancel Updating" time="14.827">
    </testcase>
    <testcase classname="Dealer Edit Phone Number - Cancel Adding" name="Dealer Edit Phone Number - Cancel Adding" time="18.05">
    </testcase>
    <testcase classname="Dealer Edit Phone Number - Cancel Deleting" name="Dealer Edit Phone Number - Cancel Deleting" time="0.012">
      <failure>ReferenceError: dealers is not defined
    at dealers (C:\_code\oem-portal-automation\src\aut\paccar\scenario\dealer\buildCancelDeletePhone.js:12:46)
    at func (C:\_code\oem-portal-automation\src\aut\paccar\test\dealer\buildDealerCrudTest.js:16:36)
    at processTicksAndRejections (internal/process/task_queues.js:85:5)
    at buildTestCancelDeletePhone (C:\_code\oem-portal-automation\src\aut\paccar\test\dealer\buildTestCancelDeletePhone.js:7:26)
    at testCancelDeletePhone (C:\_code\oem-portal-automation\src\aut\paccar\test\dealer\testCancelDeletePhone.js:8:18)
    at Object.&lt;anonymous&gt; (C:\_code\oem-portal-automation\src\aut\paccar\spec\dealer\dealer.edit.test.js:139:24)</failure>
    </testcase>
    <testcase classname="Dealer Edit Phone Number - Delete" name="Dealer Edit Phone Number - Delete" time="27.191">
    </testcase>
    <testcase classname="Dealer Edit Hours of Service - Add" name="Dealer Edit Hours of Service - Add" time="23.36">
    </testcase>
    <testcase classname="Dealer Edit Hours of Service - Update" name="Dealer Edit Hours of Service - Update" time="90.002">
      <failure>Timeout - Async callback was not invoked within the 90000ms timeout specified by jest.setTimeout.Error: 
    at new Spec (c:\_code\oem-portal-automation\node_modules\jest-jasmine2\build\jasmine\Spec.js:116:22)
    at new Spec (c:\_code\oem-portal-automation\node_modules\jest-jasmine2\build\setup_jest_globals.js:80:9)
    at specFactory (c:\_code\oem-portal-automation\node_modules\jest-jasmine2\build\jasmine\Env.js:575:24)
    at Env.it (c:\_code\oem-portal-automation\node_modules\jest-jasmine2\build\jasmine\Env.js:644:24)
    at Env.it (c:\_code\oem-portal-automation\node_modules\jest-jasmine2\build\jasmineAsyncInstall.js:132:23)
    at it (c:\_code\oem-portal-automation\node_modules\jest-jasmine2\build\jasmine\jasmineLight.js:93:21)
    at Suite.it (C:\_code\oem-portal-automation\src\aut\paccar\spec\dealer\dealer.edit.test.js:153:5)
    at addSpecsToSuite (c:\_code\oem-portal-automation\node_modules\jest-jasmine2\build\jasmine\Env.js:496:51)
    at Env.describe (c:\_code\oem-portal-automation\node_modules\jest-jasmine2\build\jasmine\Env.js:466:11)
    at describe (c:\_code\oem-portal-automation\node_modules\jest-jasmine2\build\jasmine\jasmineLight.js:81:18)
    at Object.describe (C:\_code\oem-portal-automation\src\aut\paccar\spec\dealer\dealer.edit.test.js:33:1)
    at Runtime._execModule (c:\_code\oem-portal-automation\node_modules\jest-runtime\build\index.js:888:13)
    at Runtime._loadModule (c:\_code\oem-portal-automation\node_modules\jest-runtime\build\index.js:577:12)
    at Runtime.requireModule (c:\_code\oem-portal-automation\node_modules\jest-runtime\build\index.js:433:10)
    at c:\_code\oem-portal-automation\node_modules\jest-jasmine2\build\index.js:201:13
    at Generator.next (&lt;anonymous&gt;)
    at asyncGeneratorStep (c:\_code\oem-portal-automation\node_modules\jest-jasmine2\build\index.js:27:24)
    at _next (c:\_code\oem-portal-automation\node_modules\jest-jasmine2\build\index.js:47:9)
    at c:\_code\oem-portal-automation\node_modules\jest-jasmine2\build\index.js:52:7
    at new Promise (&lt;anonymous&gt;)
    at c:\_code\oem-portal-automation\node_modules\jest-jasmine2\build\index.js:44:12
    at _jasmine (c:\_code\oem-portal-automation\node_modules\jest-jasmine2\build\index.js:206:19)
    at jasmine2 (c:\_code\oem-portal-automation\node_modules\jest-jasmine2\build\index.js:60:19)
    at c:\_code\oem-portal-automation\node_modules\jest-runner\build\runTest.js:385:24
    at Generator.next (&lt;anonymous&gt;)
    at asyncGeneratorStep (c:\_code\oem-portal-automation\node_modules\jest-runner\build\runTest.js:161:24)
    at _next (c:\_code\oem-portal-automation\node_modules\jest-runner\build\runTest.js:181:9)
    at processTicksAndRejections (internal/process/task_queues.js:85:5)</failure>
    </testcase>
    <testcase classname="Dealer Edit Hours of Service - Cancel Updating" name="Dealer Edit Hours of Service - Cancel Updating" time="90">
      <failure>Timeout - Async callback was not invoked within the 90000ms timeout specified by jest.setTimeout.Error: 
    at new Spec (c:\_code\oem-portal-automation\node_modules\jest-jasmine2\build\jasmine\Spec.js:116:22)
    at new Spec (c:\_code\oem-portal-automation\node_modules\jest-jasmine2\build\setup_jest_globals.js:80:9)
    at specFactory (c:\_code\oem-portal-automation\node_modules\jest-jasmine2\build\jasmine\Env.js:575:24)
    at Env.it (c:\_code\oem-portal-automation\node_modules\jest-jasmine2\build\jasmine\Env.js:644:24)
    at Env.it (c:\_code\oem-portal-automation\node_modules\jest-jasmine2\build\jasmineAsyncInstall.js:132:23)
    at it (c:\_code\oem-portal-automation\node_modules\jest-jasmine2\build\jasmine\jasmineLight.js:93:21)
    at Suite.it (C:\_code\oem-portal-automation\src\aut\paccar\spec\dealer\dealer.edit.test.js:158:5)
    at addSpecsToSuite (c:\_code\oem-portal-automation\node_modules\jest-jasmine2\build\jasmine\Env.js:496:51)
    at Env.describe (c:\_code\oem-portal-automation\node_modules\jest-jasmine2\build\jasmine\Env.js:466:11)
    at describe (c:\_code\oem-portal-automation\node_modules\jest-jasmine2\build\jasmine\jasmineLight.js:81:18)
    at Object.describe (C:\_code\oem-portal-automation\src\aut\paccar\spec\dealer\dealer.edit.test.js:33:1)
    at Runtime._execModule (c:\_code\oem-portal-automation\node_modules\jest-runtime\build\index.js:888:13)
    at Runtime._loadModule (c:\_code\oem-portal-automation\node_modules\jest-runtime\build\index.js:577:12)
    at Runtime.requireModule (c:\_code\oem-portal-automation\node_modules\jest-runtime\build\index.js:433:10)
    at c:\_code\oem-portal-automation\node_modules\jest-jasmine2\build\index.js:201:13
    at Generator.next (&lt;anonymous&gt;)
    at asyncGeneratorStep (c:\_code\oem-portal-automation\node_modules\jest-jasmine2\build\index.js:27:24)
    at _next (c:\_code\oem-portal-automation\node_modules\jest-jasmine2\build\index.js:47:9)
    at c:\_code\oem-portal-automation\node_modules\jest-jasmine2\build\index.js:52:7
    at new Promise (&lt;anonymous&gt;)
    at c:\_code\oem-portal-automation\node_modules\jest-jasmine2\build\index.js:44:12
    at _jasmine (c:\_code\oem-portal-automation\node_modules\jest-jasmine2\build\index.js:206:19)
    at jasmine2 (c:\_code\oem-portal-automation\node_modules\jest-jasmine2\build\index.js:60:19)
    at c:\_code\oem-portal-automation\node_modules\jest-runner\build\runTest.js:385:24
    at Generator.next (&lt;anonymous&gt;)
    at asyncGeneratorStep (c:\_code\oem-portal-automation\node_modules\jest-runner\build\runTest.js:161:24)
    at _next (c:\_code\oem-portal-automation\node_modules\jest-runner\build\runTest.js:181:9)
    at processTicksAndRejections (internal/process/task_queues.js:85:5)</failure>
    </testcase>
    <testcase classname="Dealer Edit Hours of Service - Cancel Adding" name="Dealer Edit Hours of Service - Cancel Adding" time="23.54">
    </testcase>
    <testcase classname="Dealer Edit Hours of Service - Cancel Deleting" name="Dealer Edit Hours of Service - Cancel Deleting" time="90.004">
      <failure>Timeout - Async callback was not invoked within the 90000ms timeout specified by jest.setTimeout.Error: 
    at new Spec (c:\_code\oem-portal-automation\node_modules\jest-jasmine2\build\jasmine\Spec.js:116:22)
    at new Spec (c:\_code\oem-portal-automation\node_modules\jest-jasmine2\build\setup_jest_globals.js:80:9)
    at specFactory (c:\_code\oem-portal-automation\node_modules\jest-jasmine2\build\jasmine\Env.js:575:24)
    at Env.it (c:\_code\oem-portal-automation\node_modules\jest-jasmine2\build\jasmine\Env.js:644:24)
    at Env.it (c:\_code\oem-portal-automation\node_modules\jest-jasmine2\build\jasmineAsyncInstall.js:132:23)
    at it (c:\_code\oem-portal-automation\node_modules\jest-jasmine2\build\jasmine\jasmineLight.js:93:21)
    at Suite.it (C:\_code\oem-portal-automation\src\aut\paccar\spec\dealer\dealer.edit.test.js:168:5)
    at addSpecsToSuite (c:\_code\oem-portal-automation\node_modules\jest-jasmine2\build\jasmine\Env.js:496:51)
    at Env.describe (c:\_code\oem-portal-automation\node_modules\jest-jasmine2\build\jasmine\Env.js:466:11)
    at describe (c:\_code\oem-portal-automation\node_modules\jest-jasmine2\build\jasmine\jasmineLight.js:81:18)
    at Object.describe (C:\_code\oem-portal-automation\src\aut\paccar\spec\dealer\dealer.edit.test.js:33:1)
    at Runtime._execModule (c:\_code\oem-portal-automation\node_modules\jest-runtime\build\index.js:888:13)
    at Runtime._loadModule (c:\_code\oem-portal-automation\node_modules\jest-runtime\build\index.js:577:12)
    at Runtime.requireModule (c:\_code\oem-portal-automation\node_modules\jest-runtime\build\index.js:433:10)
    at c:\_code\oem-portal-automation\node_modules\jest-jasmine2\build\index.js:201:13
    at Generator.next (&lt;anonymous&gt;)
    at asyncGeneratorStep (c:\_code\oem-portal-automation\node_modules\jest-jasmine2\build\index.js:27:24)
    at _next (c:\_code\oem-portal-automation\node_modules\jest-jasmine2\build\index.js:47:9)
    at c:\_code\oem-portal-automation\node_modules\jest-jasmine2\build\index.js:52:7
    at new Promise (&lt;anonymous&gt;)
    at c:\_code\oem-portal-automation\node_modules\jest-jasmine2\build\index.js:44:12
    at _jasmine (c:\_code\oem-portal-automation\node_modules\jest-jasmine2\build\index.js:206:19)
    at jasmine2 (c:\_code\oem-portal-automation\node_modules\jest-jasmine2\build\index.js:60:19)
    at c:\_code\oem-portal-automation\node_modules\jest-runner\build\runTest.js:385:24
    at Generator.next (&lt;anonymous&gt;)
    at asyncGeneratorStep (c:\_code\oem-portal-automation\node_modules\jest-runner\build\runTest.js:161:24)
    at _next (c:\_code\oem-portal-automation\node_modules\jest-runner\build\runTest.js:181:9)
    at processTicksAndRejections (internal/process/task_queues.js:85:5)</failure>
    </testcase>
    <testcase classname="Dealer Edit Hours of Service - Delete" name="Dealer Edit Hours of Service - Delete" time="90.001">
      <failure>Timeout - Async callback was not invoked within the 90000ms timeout specified by jest.setTimeout.Error: 
    at new Spec (c:\_code\oem-portal-automation\node_modules\jest-jasmine2\build\jasmine\Spec.js:116:22)
    at new Spec (c:\_code\oem-portal-automation\node_modules\jest-jasmine2\build\setup_jest_globals.js:80:9)
    at specFactory (c:\_code\oem-portal-automation\node_modules\jest-jasmine2\build\jasmine\Env.js:575:24)
    at Env.it (c:\_code\oem-portal-automation\node_modules\jest-jasmine2\build\jasmine\Env.js:644:24)
    at Env.it (c:\_code\oem-portal-automation\node_modules\jest-jasmine2\build\jasmineAsyncInstall.js:132:23)
    at it (c:\_code\oem-portal-automation\node_modules\jest-jasmine2\build\jasmine\jasmineLight.js:93:21)
    at Suite.it (C:\_code\oem-portal-automation\src\aut\paccar\spec\dealer\dealer.edit.test.js:173:5)
    at addSpecsToSuite (c:\_code\oem-portal-automation\node_modules\jest-jasmine2\build\jasmine\Env.js:496:51)
    at Env.describe (c:\_code\oem-portal-automation\node_modules\jest-jasmine2\build\jasmine\Env.js:466:11)
    at describe (c:\_code\oem-portal-automation\node_modules\jest-jasmine2\build\jasmine\jasmineLight.js:81:18)
    at Object.describe (C:\_code\oem-portal-automation\src\aut\paccar\spec\dealer\dealer.edit.test.js:33:1)
    at Runtime._execModule (c:\_code\oem-portal-automation\node_modules\jest-runtime\build\index.js:888:13)
    at Runtime._loadModule (c:\_code\oem-portal-automation\node_modules\jest-runtime\build\index.js:577:12)
    at Runtime.requireModule (c:\_code\oem-portal-automation\node_modules\jest-runtime\build\index.js:433:10)
    at c:\_code\oem-portal-automation\node_modules\jest-jasmine2\build\index.js:201:13
    at Generator.next (&lt;anonymous&gt;)
    at asyncGeneratorStep (c:\_code\oem-portal-automation\node_modules\jest-jasmine2\build\index.js:27:24)
    at _next (c:\_code\oem-portal-automation\node_modules\jest-jasmine2\build\index.js:47:9)
    at c:\_code\oem-portal-automation\node_modules\jest-jasmine2\build\index.js:52:7
    at new Promise (&lt;anonymous&gt;)
    at c:\_code\oem-portal-automation\node_modules\jest-jasmine2\build\index.js:44:12
    at _jasmine (c:\_code\oem-portal-automation\node_modules\jest-jasmine2\build\index.js:206:19)
    at jasmine2 (c:\_code\oem-portal-automation\node_modules\jest-jasmine2\build\index.js:60:19)
    at c:\_code\oem-portal-automation\node_modules\jest-runner\build\runTest.js:385:24
    at Generator.next (&lt;anonymous&gt;)
    at asyncGeneratorStep (c:\_code\oem-portal-automation\node_modules\jest-runner\build\runTest.js:161:24)
    at _next (c:\_code\oem-portal-automation\node_modules\jest-runner\build\runTest.js:181:9)
    at processTicksAndRejections (internal/process/task_queues.js:85:5)</failure>
    </testcase>
  </testsuite>
</testsuites>